#-----------------------------------------------------------
# Vivado v2018.2 (64-bit)
# SW Build 2258646 on Thu Jun 14 20:03:12 MDT 2018
# IP Build 2256618 on Thu Jun 14 22:10:49 MDT 2018
# Start of session at: Thu Jul 29 16:13:23 2021
# Process ID: 12788
# Current directory: C:/Zynq7000/TextLCD_SoC
# Command line: vivado.exe -gui_launcher_event rodinguilauncherevent12024 C:\Zynq7000\TextLCD_SoC\TextLCD_SoC.xpr
# Log file: C:/Zynq7000/TextLCD_SoC/vivado.log
# Journal file: C:/Zynq7000/TextLCD_SoC\vivado.jou
#-----------------------------------------------------------
start_gui
open_project C:/Zynq7000/TextLCD_SoC/TextLCD_SoC.xpr
WARNING: [filemgmt 20-922] The BXML file is of a newer version (0.37) then the current supported version (0.36).
Data could be potentially be lost
ERROR: [BD 41-2004] The design in BD file 'system.bd' is empty. An error must have occurred while reading the file.
Scanning sources...
Finished scanning sources
CRITICAL WARNING: [Project 1-192] Failed to load run synth_1. Strategy Vivado Synthesis Defaults (Vivado Synthesis 2019) not recognized by Vivado. 

CRITICAL WARNING: [Project 1-192] Failed to load run system_rst_ps7_0_50M_0_synth_1. Strategy Vivado Synthesis Defaults (Vivado Synthesis 2019) not recognized by Vivado. 

CRITICAL WARNING: [Project 1-192] Failed to load run system_auto_pc_0_synth_1. Strategy Vivado Synthesis Defaults (Vivado Synthesis 2019) not recognized by Vivado. 

CRITICAL WARNING: [Project 1-192] Failed to load run system_textlcd_0_0_synth_1. Strategy Vivado Synthesis Defaults (Vivado Synthesis 2019) not recognized by Vivado. 

CRITICAL WARNING: [Project 1-192] Failed to load run system_processing_system7_0_0_synth_1. Strategy Vivado Synthesis Defaults (Vivado Synthesis 2019) not recognized by Vivado. 

CRITICAL WARNING: [Project 1-192] Failed to load run impl_1. Strategy Vivado Implementation Defaults (Vivado Implementation 2019) not recognized by Vivado. 

CRITICAL WARNING: [Project 1-192] Failed to load run system_rst_ps7_0_50M_0_impl_1. Strategy Vivado Implementation Defaults (Vivado Implementation 2019) not recognized by Vivado. 

CRITICAL WARNING: [Project 1-192] Failed to load run system_auto_pc_0_impl_1. Strategy Vivado Implementation Defaults (Vivado Implementation 2019) not recognized by Vivado. 

CRITICAL WARNING: [Project 1-192] Failed to load run system_textlcd_0_0_impl_1. Strategy Vivado Implementation Defaults (Vivado Implementation 2019) not recognized by Vivado. 

CRITICAL WARNING: [Project 1-192] Failed to load run system_processing_system7_0_0_impl_1. Strategy Vivado Implementation Defaults (Vivado Implementation 2019) not recognized by Vivado. 

INFO: [IP_Flow 19-234] Refreshing IP repositories
INFO: [IP_Flow 19-1700] Loaded user IP repository 'c:/Zynq7000/ip_repo/textlcd_1.0'.
INFO: [IP_Flow 19-2313] Loaded Vivado IP repository 'D:/Xilinx/Vivado/2018.2/data/ip'.
CRITICAL WARNING: [IP_Flow 19-5008] Invalid value for parameter usage type 'simulation.rtl'
CRITICAL WARNING: [IP_Flow 19-5008] Invalid value for parameter usage type 'simulation.rtl'
CRITICAL WARNING: [IP_Flow 19-5008] Invalid value for parameter usage type 'simulation.rtl'
CRITICAL WARNING: [IP_Flow 19-5008] Invalid value for parameter usage type 'simulation.rtl'
CRITICAL WARNING: [IP_Flow 19-5008] Invalid value for parameter usage type 'simulation.rtl'
CRITICAL WARNING: [IP_Flow 19-5008] Invalid value for parameter usage type 'simulation.rtl'
CRITICAL WARNING: [IP_Flow 19-5008] Invalid value for parameter usage type 'simulation.rtl'
CRITICAL WARNING: [IP_Flow 19-5008] Invalid value for parameter usage type 'simulation.rtl'
CRITICAL WARNING: [IP_Flow 19-5008] Invalid value for parameter usage type 'simulation.rtl'
CRITICAL WARNING: [IP_Flow 19-5008] Invalid value for parameter usage type 'simulation.rtl'
CRITICAL WARNING: [IP_Flow 19-5008] Invalid value for parameter usage type 'simulation.rtl'
CRITICAL WARNING: [IP_Flow 19-5008] Invalid value for parameter usage type 'simulation.rtl'
CRITICAL WARNING: [IP_Flow 19-5008] Invalid value for parameter usage type 'simulation.rtl'
CRITICAL WARNING: [IP_Flow 19-5008] Invalid value for parameter usage type 'simulation.rtl'
CRITICAL WARNING: [IP_Flow 19-5008] Invalid value for parameter usage type 'simulation.rtl'
CRITICAL WARNING: [IP_Flow 19-5008] Invalid value for parameter usage type 'simulation.rtl'
CRITICAL WARNING: [IP_Flow 19-5008] Invalid value for parameter usage type 'simulation.rtl'
CRITICAL WARNING: [IP_Flow 19-5008] Invalid value for parameter usage type 'simulation.rtl'
CRITICAL WARNING: [IP_Flow 19-5008] Invalid value for parameter usage type 'simulation.rtl'
CRITICAL WARNING: [IP_Flow 19-5008] Invalid value for parameter usage type 'simulation.rtl'
CRITICAL WARNING: [IP_Flow 19-5008] Invalid value for parameter usage type 'simulation.rtl'
CRITICAL WARNING: [IP_Flow 19-5008] Invalid value for parameter usage type 'simulation.rtl'
CRITICAL WARNING: [IP_Flow 19-5008] Invalid value for parameter usage type 'simulation.rtl'
CRITICAL WARNING: [IP_Flow 19-5008] Invalid value for parameter usage type 'simulation.rtl'
CRITICAL WARNING: [IP_Flow 19-5008] Invalid value for parameter usage type 'simulation.rtl'
CRITICAL WARNING: [IP_Flow 19-5008] Invalid value for parameter usage type 'simulation.rtl'
CRITICAL WARNING: [IP_Flow 19-5008] Invalid value for parameter usage type 'simulation.rtl'
CRITICAL WARNING: [IP_Flow 19-5008] Invalid value for parameter usage type 'simulation.rtl'
CRITICAL WARNING: [IP_Flow 19-5008] Invalid value for parameter usage type 'simulation.rtl'
CRITICAL WARNING: [IP_Flow 19-5008] Invalid value for parameter usage type 'simulation.rtl'
CRITICAL WARNING: [IP_Flow 19-5008] Invalid value for parameter usage type 'simulation.rtl'
CRITICAL WARNING: [IP_Flow 19-5008] Invalid value for parameter usage type 'simulation.rtl'
CRITICAL WARNING: [IP_Flow 19-5008] Invalid value for parameter usage type 'simulation.rtl'
CRITICAL WARNING: [IP_Flow 19-5008] Invalid value for parameter usage type 'simulation.rtl'
CRITICAL WARNING: [IP_Flow 19-5008] Invalid value for parameter usage type 'simulation.rtl'
CRITICAL WARNING: [IP_Flow 19-5008] Invalid value for parameter usage type 'simulation.rtl'
CRITICAL WARNING: [IP_Flow 19-5008] Invalid value for parameter usage type 'simulation.rtl'
CRITICAL WARNING: [IP_Flow 19-5008] Invalid value for parameter usage type 'simulation.rtl'
CRITICAL WARNING: [IP_Flow 19-5008] Invalid value for parameter usage type 'simulation.rtl'
CRITICAL WARNING: [IP_Flow 19-5008] Invalid value for parameter usage type 'simulation.rtl'
CRITICAL WARNING: [IP_Flow 19-182] Failed to load BOM file 'c:/Zynq7000/TextLCD_SoC/TextLCD_SoC.srcs/sources_1/bd/system/ip/system_processing_system7_0_0/system_processing_system7_0_0.xml'.
CRITICAL WARNING: [IP_Flow 19-183] Failed to load IP instance 'system_processing_system7_0_0'.
CRITICAL WARNING: [IP_Flow 19-1835] Failed to recreate IP instance 'system_processing_system7_0_0'. Error reading project file(s).
CRITICAL WARNING: [IP_Flow 19-5008] Invalid value for parameter usage type 'simulation.rtl'
CRITICAL WARNING: [IP_Flow 19-5008] Invalid value for parameter usage type 'simulation.rtl'
CRITICAL WARNING: [IP_Flow 19-5008] Invalid value for parameter usage type 'simulation.rtl'
CRITICAL WARNING: [IP_Flow 19-5008] Invalid value for parameter usage type 'simulation.rtl'
CRITICAL WARNING: [IP_Flow 19-182] Failed to load BOM file 'c:/Zynq7000/TextLCD_SoC/TextLCD_SoC.srcs/sources_1/bd/system/ip/system_textlcd_0_0/system_textlcd_0_0.xml'.
CRITICAL WARNING: [IP_Flow 19-183] Failed to load IP instance 'system_textlcd_0_0'.
CRITICAL WARNING: [IP_Flow 19-1835] Failed to recreate IP instance 'system_textlcd_0_0'. Error reading project file(s).
CRITICAL WARNING: [IP_Flow 19-5008] Invalid value for parameter usage type 'simulation.rtl'
CRITICAL WARNING: [IP_Flow 19-5008] Invalid value for parameter usage type 'simulation.rtl'
CRITICAL WARNING: [IP_Flow 19-5008] Invalid value for parameter usage type 'simulation.rtl'
CRITICAL WARNING: [IP_Flow 19-5008] Invalid value for parameter usage type 'simulation.rtl'
CRITICAL WARNING: [IP_Flow 19-5008] Invalid value for parameter usage type 'simulation.rtl'
CRITICAL WARNING: [IP_Flow 19-5008] Invalid value for parameter usage type 'simulation.rtl'
CRITICAL WARNING: [IP_Flow 19-5008] Invalid value for parameter usage type 'simulation.rtl'
CRITICAL WARNING: [IP_Flow 19-5008] Invalid value for parameter usage type 'simulation.rtl'
CRITICAL WARNING: [IP_Flow 19-5008] Invalid value for parameter usage type 'simulation.rtl'
CRITICAL WARNING: [IP_Flow 19-182] Failed to load BOM file 'c:/Zynq7000/TextLCD_SoC/TextLCD_SoC.srcs/sources_1/bd/system/ip/system_rst_ps7_0_50M_0/system_rst_ps7_0_50M_0.xml'.
CRITICAL WARNING: [IP_Flow 19-183] Failed to load IP instance 'system_rst_ps7_0_50M_0'.
CRITICAL WARNING: [IP_Flow 19-1835] Failed to recreate IP instance 'system_rst_ps7_0_50M_0'. Error reading project file(s).
CRITICAL WARNING: [IP_Flow 19-5008] Invalid value for parameter usage type 'simulation.rtl'
CRITICAL WARNING: [IP_Flow 19-5008] Invalid value for parameter usage type 'simulation.rtl'
CRITICAL WARNING: [IP_Flow 19-5008] Invalid value for parameter usage type 'simulation.rtl'
CRITICAL WARNING: [IP_Flow 19-5008] Invalid value for parameter usage type 'simulation.rtl'
CRITICAL WARNING: [IP_Flow 19-182] Failed to load BOM file 'c:/Zynq7000/TextLCD_SoC/TextLCD_SoC.srcs/sources_1/bd/system/ip/system_auto_pc_0/system_auto_pc_0.xml'.
CRITICAL WARNING: [IP_Flow 19-183] Failed to load IP instance 'system_auto_pc_0'.
CRITICAL WARNING: [IP_Flow 19-1835] Failed to recreate IP instance 'system_auto_pc_0'. Error reading project file(s).
WARNING: [BD 41-1663] The design 'system.bd' cannot be modified due to following reason(s):
* Project is read-only. Please run 'save_project_as' before making any change to the bd-design. 

WARNING: [BD 41-1661] One or more IPs have been locked in the design 'system.bd'. Please run report_ip_status for more details and recommendations on how to fix this issue.
List of locked IPs:
system_ps7_0_axi_periph_0

WARNING: [Project 1-231] Project 'TextLCD_SoC.xpr' was created with a future version and may or may not perform reliably with this version of Vivado. It has been opened in read-only mode for the protection of unrecognized data. Use 'File | Save Project As...' if you wish to alter a copy of the project.
open_project: Time (s): cpu = 00:00:14 ; elapsed = 00:00:19 . Memory (MB): peak = 832.750 ; gain = 136.008
ERROR: [Common 17-39] 'open_project' failed due to earlier errors.
exit
INFO: [Common 17-206] Exiting Vivado at Thu Jul 29 16:14:47 2021...
